GA-b
23
Graph: /scratch/nguyen/pace-2/examples/heuristic-public/71.gr
Time: 180000
Reading time: 113
Preparing time: 23
Current seed: 1709403733244122883
Repetition: 0(180000ms)
Repetition: 1(183632ms)
Repetition: 2(182641ms)
Repetition: 3(182640ms)
Repetition: 4(182644ms)
Repetition: 5(182641ms)
Repetition: 6(182640ms)
Repetition: 7(182648ms)
Repetition: 8(182642ms)
Repetition: 9(182644ms)
18867141,18867133,18867089,18867155,18867073,18867111,18867112,18867131,18867092,18867083
Max: 18867155
Average: 18867112.00
Min: 18867073
