GA-b
14
Graph: /scratch/nguyen/pace-2/examples/heuristic-public/7.gr
Time: 240000
Reading time: 43
Preparing time: 9
Current seed: 1709403703252117591
Repetition: 0(240002ms)
Repetition: 1(242510ms)
Repetition: 2(242161ms)
Repetition: 3(242106ms)
Repetition: 4(242105ms)
Repetition: 5(242105ms)
Repetition: 6(242101ms)
Repetition: 7(242105ms)
Repetition: 8(242032ms)
Repetition: 9(241953ms)
14356928,14356928,14356928,14356928,14356928,14356928,14356928,14356928,14356928,14356928
Max: 14356928
Average: 14356928.00
Min: 14356928
