RS-r
17
Graph: /scratch/nguyen/pace-2/examples/heuristic-public/71.gr
Time: 120000
Reading time: 112
Preparing time: 23
Current seed: 1709403729225683607
Repetition: 0(120830ms)
Repetition: 1(127836ms)
Repetition: 2(126107ms)
Repetition: 3(125932ms)
Repetition: 4(125861ms)
Repetition: 5(126283ms)
Repetition: 6(126025ms)
Repetition: 7(126209ms)
Repetition: 8(126039ms)
Repetition: 9(126118ms)
147587963,147615054,147527276,146956516,149069429,148473336,148826305,148656574,148129325,148632679
Max: 149069429
Average: 148147445.70
Min: 146956516
