SA-m
5
Graph: /scratch/nguyen/pace-2/examples/heuristic-public/71.gr
Time: 300000
Reading time: 114
Preparing time: 23
Current seed: 1709404311235567523
Repetition: 0(300003ms)
Repetition: 1(303156ms)
Repetition: 2(302685ms)
Repetition: 3(302640ms)
Repetition: 4(302545ms)
Repetition: 5(302464ms)
Repetition: 6(302257ms)
Repetition: 7(302260ms)
Repetition: 8(302047ms)
Repetition: 9(302056ms)
143298457,143443202,143482811,143456188,143350635,142573771,143303434,143486328,143163770,142730869
Max: 143486328
Average: 143228946.50
Min: 142573771
