SA-m
20
Graph: /scratch/nguyen/pace-2/examples/heuristic-public/7.gr
Time: 300000
Reading time: 57
Preparing time: 13
Current seed: 1709404388604571301
Repetition: 0(300000ms)
Repetition: 1(302359ms)
Repetition: 2(302110ms)
Repetition: 3(302112ms)
Repetition: 4(301970ms)
Repetition: 5(301971ms)
Repetition: 6(301833ms)
Repetition: 7(301766ms)
Repetition: 8(301770ms)
Repetition: 9(301763ms)
32944360,33205061,33169234,35029686,31575208,34799599,34748350,35804444,35460977,33151226
Max: 35804444
Average: 33988814.50
Min: 31575208
