SA-m
16
Graph: /scratch/nguyen/pace-2/examples/heuristic-public/38.gr
Time: 60000
Reading time: 67
Preparing time: 7
Current seed: 1709404366700026493
Repetition: 0(60000ms)
Repetition: 1(60232ms)
Repetition: 2(60207ms)
Repetition: 3(60207ms)
Repetition: 4(60207ms)
Repetition: 5(60206ms)
Repetition: 6(60207ms)
Repetition: 7(60207ms)
Repetition: 8(60207ms)
Repetition: 9(60207ms)
46962495,46933796,46929366,46815307,46920282,46852581,46951579,46832135,46791093,46868325
Max: 46962495
Average: 46885695.90
Min: 46791093
