SA-r
20
Graph: /scratch/nguyen/pace-2/examples/heuristic-public/7.gr
Time: 300000
Reading time: 57
Preparing time: 13
Current seed: 1709404936471168989
Repetition: 0(300001ms)
Repetition: 1(303010ms)
Repetition: 2(302104ms)
Repetition: 3(301966ms)
Repetition: 4(301891ms)
Repetition: 5(301820ms)
Repetition: 6(301648ms)
Repetition: 7(301654ms)
Repetition: 8(301661ms)
Repetition: 9(301642ms)
31981105,35849808,35999453,34673881,33644172,33543445,32646136,35152016,34988556,32422720
Max: 35999453
Average: 34090129.20
Min: 31981105
