SA-b
23
Graph: /scratch/nguyen/pace-2/examples/heuristic-public/71.gr
Time: 180000
Reading time: 113
Preparing time: 23
Current seed: 1709403761254312688
Repetition: 0(180001ms)
Repetition: 1(183773ms)
Repetition: 2(182636ms)
Repetition: 3(182642ms)
Repetition: 4(182636ms)
Repetition: 5(182639ms)
Repetition: 6(182637ms)
Repetition: 7(182635ms)
Repetition: 8(182636ms)
Repetition: 9(182639ms)
18867213,18867213,18867213,18867213,18867213,18867213,18867213,18867213,18867213,18867213
Max: 18867213
Average: 18867213.00
Min: 18867213
