SA-b
1
Graph: /scratch/nguyen/pace-2/examples/heuristic-public/2.gr
Time: 60000
Reading time: 80
Preparing time: 26
Current seed: 1709403761213215467
Repetition: 0(60462ms)
Repetition: 1(93450ms)
Repetition: 2(89949ms)
Repetition: 3(81842ms)
Repetition: 4(91807ms)
Repetition: 5(98140ms)
Repetition: 6(88882ms)
Repetition: 7(75656ms)
Repetition: 8(96790ms)
Repetition: 9(90455ms)
52109230,52109510,52109510,52109510,52109510,52109510,52109510,52109510,52109510,52109510
Max: 52109510
Average: 52109482.00
Min: 52109230
