SA-b
20
Graph: /scratch/nguyen/pace-2/examples/heuristic-public/7.gr
Time: 300000
Reading time: 57
Preparing time: 13
Current seed: 1709403760853197669
Repetition: 0(300000ms)
Repetition: 1(302615ms)
Repetition: 2(302102ms)
Repetition: 3(302105ms)
Repetition: 4(302104ms)
Repetition: 5(302043ms)
Repetition: 6(301963ms)
Repetition: 7(301888ms)
Repetition: 8(301830ms)
Repetition: 9(301828ms)
14356928,14356928,14356928,14356928,14356928,14356928,14356928,14356928,14356928,14356928
Max: 14356928
Average: 14356928.00
Min: 14356928
