SA-b
14
Graph: /scratch/nguyen/pace-2/examples/heuristic-public/7.gr
Time: 240000
Reading time: 42
Preparing time: 13
Current seed: 1709403761357399588
Repetition: 0(240000ms)
Repetition: 1(242793ms)
Repetition: 2(242298ms)
Repetition: 3(242300ms)
Repetition: 4(242301ms)
Repetition: 5(242303ms)
Repetition: 6(242232ms)
Repetition: 7(242230ms)
Repetition: 8(242168ms)
Repetition: 9(242166ms)
14356928,14356928,14356928,14356928,14356928,14356928,14356928,14356928,14356928,14356928
Max: 14356928
Average: 14356928.00
Min: 14356928
