SA-b
29
Graph: /scratch/nguyen/pace-2/examples/heuristic-public/71.gr
Time: 240000
Reading time: 117
Preparing time: 13
Current seed: 1709403761582705343
Repetition: 0(240001ms)
Repetition: 1(244001ms)
Repetition: 2(242779ms)
Repetition: 3(242773ms)
Repetition: 4(242702ms)
Repetition: 5(242820ms)
Repetition: 6(242686ms)
Repetition: 7(242625ms)
Repetition: 8(242360ms)
Repetition: 9(242275ms)
18867213,18867213,18867213,18867213,18867213,18867213,18867213,18867213,18867213,18867213
Max: 18867213
Average: 18867213.00
Min: 18867213
