GA-m
3
Graph: /scratch/nguyen/pace-2/examples/heuristic-public/15.gr
Time: 180000
Reading time: 151
Preparing time: 12
Current seed: 1709403703213202885
Repetition: 0(180000ms)
Repetition: 1(180082ms)
Repetition: 2(180069ms)
Repetition: 3(180069ms)
Repetition: 4(180069ms)
Repetition: 5(180069ms)
Repetition: 6(180069ms)
Repetition: 7(180069ms)
Repetition: 8(180069ms)
Repetition: 9(180069ms)
12190708,12135481,12118319,12123339,12122985,12137913,12124790,12122708,12128032,12139829
Max: 12190708
Average: 12134410.40
Min: 12118319
